<?xml version="1.0" encoding="UTF-8"?>
<!-- Generated by org.testng.reporters.JUnitXMLReporter -->
<testsuite ignored="4" hostname="Shweta" failures="0" tests="3" name="Runner3" time="67.027" errors="0" timestamp="2024-09-03T19:46:09 IST">
  <testcase classname="Campaings.CreateCampaingTest" name="createCampaign" time="12.382"/>
  <testcase classname="OrganizationVtiger.CreateOrgTest" name="createOrg" time="10.707"/>
  <testcase classname="OrganizationVtiger.CreateOrgTest" name="createProduct" time="12.505"/>
  <testcase classname="Generic_Utilities.BaseClass" name="@BeforeSuite BS" time="0.0">
    <ignored/>
  </testcase> <!-- @BeforeSuite BS -->
  <testcase classname="Generic_Utilities.BaseClass" name="@BeforeTest BT" time="0.0">
    <ignored/>
  </testcase> <!-- @BeforeTest BT -->
  <testcase classname="Generic_Utilities.BaseClass" name="@AfterSuite AS" time="0.0">
    <ignored/>
  </testcase> <!-- @AfterSuite AS -->
  <testcase classname="Generic_Utilities.BaseClass" name="@AfterTest AT" time="0.0">
    <ignored/>
  </testcase> <!-- @AfterTest AT -->
</testsuite> <!-- Runner3 -->
