<?xml version="1.0" encoding="UTF-8"?>
<!-- Generated by org.testng.reporters.JUnitXMLReporter -->
<testsuite ignored="4" hostname="Shweta" failures="0" tests="3" name="Test2" time="40.021" errors="0" timestamp="2024-09-03T19:54:07 IST">
  <testcase classname="OrganizationVtiger.CreateOrgTest" name="createOrg" time="11.171"/>
  <testcase classname="Product.CreateProductTest" name="createProduct" time="12.846"/>
  <testcase classname="OrganizationVtiger.CreateOrgTest" name="createProduct" time="12.785"/>
  <testcase classname="Generic_Utilities.BaseClass" name="@BeforeSuite BS" time="0.0">
    <ignored/>
  </testcase> <!-- @BeforeSuite BS -->
  <testcase classname="Generic_Utilities.BaseClass" name="@BeforeTest BT" time="0.0">
    <ignored/>
  </testcase> <!-- @BeforeTest BT -->
  <testcase classname="Generic_Utilities.BaseClass" name="@AfterSuite AS" time="0.0">
    <ignored/>
  </testcase> <!-- @AfterSuite AS -->
  <testcase classname="Generic_Utilities.BaseClass" name="@AfterTest AT" time="0.0">
    <ignored/>
  </testcase> <!-- @AfterTest AT -->
</testsuite> <!-- Test2 -->
